# JRE version: Java(TM) SE Runtime Environment (8.0_201-b09) (build 1.8.0_201-b09)
# Java VM: Java HotSpot(TM) 64-Bit Server VM (25.201-b09 mixed mode windows-amd64 compressed oops)
Heap:
 PSYoungGen      total 45568K, used 5569K [0x00000000eb300000, 0x00000000eec00000, 0x0000000100000000)
  eden space 32768K, 16% used [0x00000000eb300000,0x00000000eb8706d8,0x00000000ed300000)
  from space 12800K, 0% used [0x00000000ed300000,0x00000000ed300000,0x00000000edf80000)
  to   space 12288K, 0% used [0x00000000ee000000,0x00000000ee000000,0x00000000eec00000)
 ParOldGen       total 48128K, used 19810K [0x00000000c1800000, 0x00000000c4700000, 0x00000000eb300000)
  object space 48128K, 41% used [0x00000000c1800000,0x00000000c2b58a00,0x00000000c4700000)
 Metaspace       used 21028K, capacity 21340K, committed 21808K, reserved 1069056K
  class space    used 2518K, capacity 2602K, committed 2688K, reserved 1048576K
GC Heap History (10 events):
Event: 11.296 GC heap before
{Heap before GC invocations=4 (full 0):
 PSYoungGen      total 18944K, used 18941K [0x00000000eb300000, 0x00000000ec800000, 0x0000000100000000)
  eden space 16384K, 100% used [0x00000000eb300000,0x00000000ec300000,0x00000000ec300000)
  from space 2560K, 99% used [0x00000000ec300000,0x00000000ec57f598,0x00000000ec580000)
  to   space 2560K, 0% used [0x00000000ec580000,0x00000000ec580000,0x00000000ec800000)
 ParOldGen       total 44032K, used 10422K [0x00000000c1800000, 0x00000000c4300000, 0x00000000eb300000)
  object space 44032K, 23% used [0x00000000c1800000,0x00000000c222da10,0x00000000c4300000)
 Metaspace       used 20384K, capacity 20700K, committed 21120K, reserved 1067008K
  class space    used 2495K, capacity 2602K, committed 2688K, reserved 1048576K
Event: 11.304 GC heap after
Heap after GC invocations=4 (full 0):
 PSYoungGen      total 18944K, used 2528K [0x00000000eb300000, 0x00000000ec800000, 0x0000000100000000)
  eden space 16384K, 0% used [0x00000000eb300000,0x00000000eb300000,0x00000000ec300000)
  from space 2560K, 98% used [0x00000000ec580000,0x00000000ec7f8020,0x00000000ec800000)
  to   space 2560K, 0% used [0x00000000ec300000,0x00000000ec300000,0x00000000ec580000)
 ParOldGen       total 44032K, used 20199K [0x00000000c1800000, 0x00000000c4300000, 0x00000000eb300000)
  object space 44032K, 45% used [0x00000000c1800000,0x00000000c2bb9f00,0x00000000c4300000)
 Metaspace       used 20384K, capacity 20700K, committed 21120K, reserved 1067008K
  class space    used 2495K, capacity 2602K, committed 2688K, reserved 1048576K
}
Event: 11.370 GC heap before
{Heap before GC invocations=5 (full 0):
 PSYoungGen      total 18944K, used 18113K [0x00000000eb300000, 0x00000000ec800000, 0x0000000100000000)
  eden space 16384K, 95% used [0x00000000eb300000,0x00000000ec238750,0x00000000ec300000)
  from space 2560K, 98% used [0x00000000ec580000,0x00000000ec7f8020,0x00000000ec800000)
  to   space 2560K, 0% used [0x00000000ec300000,0x00000000ec300000,0x00000000ec580000)
 ParOldGen       total 44032K, used 20199K [0x00000000c1800000, 0x00000000c4300000, 0x00000000eb300000)
  object space 44032K, 45% used [0x00000000c1800000,0x00000000c2bb9f00,0x00000000c4300000)
 Metaspace       used 20390K, capacity 20700K, committed 21120K, reserved 1067008K
  class space    used 2496K, capacity 2602K, committed 2688K, reserved 1048576K
Event: 11.374 GC heap after
Heap after GC invocations=5 (full 0):
 PSYoungGen      total 18944K, used 2528K [0x00000000eb300000, 0x00000000eed00000, 0x0000000100000000)
  eden space 16384K, 0% used [0x00000000eb300000,0x00000000eb300000,0x00000000ec300000)
  from space 2560K, 98% used [0x00000000ec300000,0x00000000ec578020,0x00000000ec580000)
  to   space 13312K, 0% used [0x00000000ee000000,0x00000000ee000000,0x00000000eed00000)
 ParOldGen       total 44032K, used 20495K [0x00000000c1800000, 0x00000000c4300000, 0x00000000eb300000)
  object space 44032K, 46% used [0x00000000c1800000,0x00000000c2c03f20,0x00000000c4300000)
 Metaspace       used 20390K, capacity 20700K, committed 21120K, reserved 1067008K
  class space    used 2496K, capacity 2602K, committed 2688K, reserved 1048576K
}
Event: 11.637 GC heap before
{Heap before GC invocations=6 (full 0):
 PSYoungGen      total 18944K, used 18253K [0x00000000eb300000, 0x00000000eed00000, 0x0000000100000000)
  eden space 16384K, 95% used [0x00000000eb300000,0x00000000ec25b498,0x00000000ec300000)
  from space 2560K, 98% used [0x00000000ec300000,0x00000000ec578020,0x00000000ec580000)
  to   space 13312K, 0% used [0x00000000ee000000,0x00000000ee000000,0x00000000eed00000)
 ParOldGen       total 44032K, used 20495K [0x00000000c1800000, 0x00000000c4300000, 0x00000000eb300000)
  object space 44032K, 46% used [0x00000000c1800000,0x00000000c2c03f20,0x00000000c4300000)
 Metaspace       used 20636K, capacity 20956K, committed 21296K, reserved 1069056K
  class space    used 2516K, capacity 2602K, committed 2688K, reserved 1048576K
Event: 11.660 GC heap after
Heap after GC invocations=6 (full 0):
 PSYoungGen      total 45056K, used 4672K [0x00000000eb300000, 0x00000000eec00000, 0x0000000100000000)
  eden space 32768K, 0% used [0x00000000eb300000,0x00000000eb300000,0x00000000ed300000)
  from space 12288K, 38% used [0x00000000ee000000,0x00000000ee490278,0x00000000eec00000)
  to   space 12800K, 0% used [0x00000000ed300000,0x00000000ed300000,0x00000000edf80000)
 ParOldGen       total 44032K, used 20503K [0x00000000c1800000, 0x00000000c4300000, 0x00000000eb300000)
  object space 44032K, 46% used [0x00000000c1800000,0x00000000c2c05f20,0x00000000c4300000)
 Metaspace       used 20636K, capacity 20956K, committed 21296K, reserved 1069056K
  class space    used 2516K, capacity 2602K, committed 2688K, reserved 1048576K
}
Event: 11.828 GC heap before
{Heap before GC invocations=7 (full 0):
 PSYoungGen      total 45056K, used 9176K [0x00000000eb300000, 0x00000000eec00000, 0x0000000100000000)
  eden space 32768K, 13% used [0x00000000eb300000,0x00000000eb765fb0,0x00000000ed300000)
  from space 12288K, 38% used [0x00000000ee000000,0x00000000ee490278,0x00000000eec00000)
  to   space 12800K, 0% used [0x00000000ed300000,0x00000000ed300000,0x00000000edf80000)
 ParOldGen       total 44032K, used 20503K [0x00000000c1800000, 0x00000000c4300000, 0x00000000eb300000)
  object space 44032K, 46% used [0x00000000c1800000,0x00000000c2c05f20,0x00000000c4300000)
 Metaspace       used 20738K, capacity 21020K, committed 21296K, reserved 1069056K
  class space    used 2516K, capacity 2602K, committed 2688K, reserved 1048576K
Event: 11.839 GC heap after
Heap after GC invocations=7 (full 0):
 PSYoungGen      total 45568K, used 11566K [0x00000000eb300000, 0x00000000eec00000, 0x0000000100000000)
  eden space 32768K, 0% used [0x00000000eb300000,0x00000000eb300000,0x00000000ed300000)
  from space 12800K, 90% used [0x00000000ed300000,0x00000000ede4b968,0x00000000edf80000)
  to   space 12288K, 0% used [0x00000000ee000000,0x00000000ee000000,0x00000000eec00000)
 ParOldGen       total 44032K, used 21823K [0x00000000c1800000, 0x00000000c4300000, 0x00000000eb300000)
  object space 44032K, 49% used [0x00000000c1800000,0x00000000c2d4fdc8,0x00000000c4300000)
 Metaspace       used 20738K, capacity 21020K, committed 21296K, reserved 1069056K
  class space    used 2516K, capacity 2602K, committed 2688K, reserved 1048576K
}
Event: 11.839 GC heap before
{Heap before GC invocations=8 (full 1):
 PSYoungGen      total 45568K, used 11566K [0x00000000eb300000, 0x00000000eec00000, 0x0000000100000000)
  eden space 32768K, 0% used [0x00000000eb300000,0x00000000eb300000,0x00000000ed300000)
  from space 12800K, 90% used [0x00000000ed300000,0x00000000ede4b968,0x00000000edf80000)
  to   space 12288K, 0% used [0x00000000ee000000,0x00000000ee000000,0x00000000eec00000)
 ParOldGen       total 44032K, used 21823K [0x00000000c1800000, 0x00000000c4300000, 0x00000000eb300000)
  object space 44032K, 49% used [0x00000000c1800000,0x00000000c2d4fdc8,0x00000000c4300000)
 Metaspace       used 20738K, capacity 21020K, committed 21296K, reserved 1069056K
  class space    used 2516K, capacity 2602K, committed 2688K, reserved 1048576K
Event: 11.879 GC heap after
Heap after GC invocations=8 (full 1):
 PSYoungGen      total 45568K, used 0K [0x00000000eb300000, 0x00000000eec00000, 0x0000000100000000)
  eden space 32768K, 0% used [0x00000000eb300000,0x00000000eb300000,0x00000000ed300000)
  from space 12800K, 0% used [0x00000000ed300000,0x00000000ed300000,0x00000000edf80000)
  to   space 12288K, 0% used [0x00000000ee000000,0x00000000ee000000,0x00000000eec00000)
 ParOldGen       total 48128K, used 19810K [0x00000000c1800000, 0x00000000c4700000, 0x00000000eb300000)
  object space 48128K, 41% used [0x00000000c1800000,0x00000000c2b58a00,0x00000000c4700000)
 Metaspace       used 20738K, capacity 21020K, committed 21296K, reserved 1069056K
  class space    used 2516K, capacity 2602K, committed 2688K, reserved 1048576K
}

